nohup: ignoring input
2026-03-04 04:08:45,375 [INFO] 🍄 Starting Batch 3 Downloader (Species 14-18)...
2026-03-04 04:08:45,376 [INFO] 
🚀 Starting Batch 3: 14)_bitter_bolete (ID: 63489)
2026-03-04 04:09:39,160 [INFO]    ✅ 14)_bitter_bolete: 25/600
2026-03-04 04:10:37,013 [INFO]    ✅ 14)_bitter_bolete: 50/600
2026-03-04 04:11:52,388 [INFO]    ✅ 14)_bitter_bolete: 75/600
2026-03-04 04:12:48,162 [INFO]    ✅ 14)_bitter_bolete: 100/600
2026-03-04 04:13:45,239 [INFO]    ✅ 14)_bitter_bolete: 125/600
2026-03-04 04:14:40,547 [INFO]    ✅ 14)_bitter_bolete: 150/600
2026-03-04 04:15:47,196 [INFO]    ✅ 14)_bitter_bolete: 175/600
2026-03-04 04:16:40,921 [INFO]    ✅ 14)_bitter_bolete: 200/600
2026-03-04 04:17:39,041 [INFO]    ✅ 14)_bitter_bolete: 225/600
2026-03-04 04:18:42,462 [INFO]    ✅ 14)_bitter_bolete: 250/600
2026-03-04 04:19:36,047 [INFO]    ✅ 14)_bitter_bolete: 275/600
2026-03-04 04:20:31,234 [INFO]    ✅ 14)_bitter_bolete: 300/600
2026-03-04 04:21:27,882 [INFO]    ✅ 14)_bitter_bolete: 325/600
2026-03-04 04:22:29,028 [INFO]    ✅ 14)_bitter_bolete: 350/600
2026-03-04 04:23:29,240 [INFO]    ✅ 14)_bitter_bolete: 375/600
2026-03-04 04:24:46,864 [INFO]    ✅ 14)_bitter_bolete: 400/600
2026-03-04 04:25:46,758 [INFO]    ✅ 14)_bitter_bolete: 425/600
2026-03-04 04:26:35,681 [INFO]    ✅ 14)_bitter_bolete: 450/600
2026-03-04 04:27:25,853 [INFO]    ✅ 14)_bitter_bolete: 475/600
2026-03-04 04:28:42,802 [INFO]    ✅ 14)_bitter_bolete: 500/600
2026-03-04 04:29:44,170 [INFO]    ✅ 14)_bitter_bolete: 525/600
2026-03-04 04:30:39,509 [INFO]    ✅ 14)_bitter_bolete: 550/600
2026-03-04 04:31:37,283 [INFO]    ✅ 14)_bitter_bolete: 575/600
2026-03-04 04:32:37,798 [INFO]    ✅ 14)_bitter_bolete: 600/600
2026-03-04 04:32:39,820 [INFO] 
🚀 Starting Batch 3: 15)_black_bulgar (ID: 83419)
2026-03-04 04:33:46,200 [INFO]    ✅ 15)_black_bulgar: 25/600
2026-03-04 04:39:28,105 [INFO]    ✅ 15)_black_bulgar: 50/600
2026-03-04 04:41:43,982 [INFO]    ✅ 15)_black_bulgar: 75/600
2026-03-04 04:42:53,473 [INFO]    ✅ 15)_black_bulgar: 100/600
2026-03-04 04:43:59,153 [INFO]    ✅ 15)_black_bulgar: 125/600
2026-03-04 04:45:17,832 [INFO]    ✅ 15)_black_bulgar: 150/600
