nohup: ignoring input
2026-03-04 04:12:02,591 [INFO] 🍄 Starting Batch 4 Downloader (Species 19-20)...
2026-03-04 04:12:02,592 [INFO] 
🚀 Starting Batch 4: 19)_blackening_waxcap (ID: 51872)
2026-03-04 04:12:59,440 [INFO]    ✅ 19)_blackening_waxcap: 25/600
2026-03-04 04:14:04,326 [INFO]    ✅ 19)_blackening_waxcap: 50/600
2026-03-04 04:15:04,003 [INFO]    ✅ 19)_blackening_waxcap: 75/600
2026-03-04 04:16:06,786 [INFO]    ✅ 19)_blackening_waxcap: 100/600
2026-03-04 04:17:12,596 [INFO]    ✅ 19)_blackening_waxcap: 125/600
2026-03-04 04:18:32,633 [INFO]    ✅ 19)_blackening_waxcap: 150/600
2026-03-04 04:19:34,362 [INFO]    ✅ 19)_blackening_waxcap: 175/600
2026-03-04 04:20:35,601 [INFO]    ✅ 19)_blackening_waxcap: 200/600
2026-03-04 04:21:38,099 [INFO]    ✅ 19)_blackening_waxcap: 225/600
2026-03-04 04:22:38,900 [INFO]    ✅ 19)_blackening_waxcap: 250/600
2026-03-04 04:23:33,312 [INFO]    ✅ 19)_blackening_waxcap: 275/600
2026-03-04 04:24:46,523 [INFO]    ✅ 19)_blackening_waxcap: 300/600
2026-03-04 04:26:03,264 [INFO]    ✅ 19)_blackening_waxcap: 325/600
2026-03-04 04:26:55,247 [INFO]    ✅ 19)_blackening_waxcap: 350/600
2026-03-04 04:27:46,243 [INFO]    ✅ 19)_blackening_waxcap: 375/600
2026-03-04 04:28:47,059 [INFO]    ✅ 19)_blackening_waxcap: 400/600
2026-03-04 04:30:05,092 [INFO]    ✅ 19)_blackening_waxcap: 425/600
2026-03-04 04:31:03,263 [INFO]    ✅ 19)_blackening_waxcap: 450/600
2026-03-04 04:32:00,182 [INFO]    ✅ 19)_blackening_waxcap: 475/600
2026-03-04 04:33:22,131 [INFO]    ✅ 19)_blackening_waxcap: 500/600
2026-03-04 04:39:17,991 [INFO]    ✅ 19)_blackening_waxcap: 525/600
2026-03-04 04:41:31,201 [INFO]    ✅ 19)_blackening_waxcap: 550/600
2026-03-04 04:42:50,184 [INFO]    ✅ 19)_blackening_waxcap: 575/600
2026-03-04 04:43:51,914 [INFO]    ✅ 19)_blackening_waxcap: 600/600
2026-03-04 04:43:54,423 [INFO] 
🚀 Starting Batch 4: 20)_blue_roundhead (ID: 118196)
2026-03-04 04:45:14,021 [INFO]    ✅ 20)_blue_roundhead: 25/600
2026-03-04 04:46:32,825 [INFO]    ✅ 20)_blue_roundhead: 50/600
