nohup: ignoring input
2026-03-04 03:41:19,136 [INFO] 🍄 Starting Batch Downloader for 5 species...
2026-03-04 03:41:19,136 [INFO] 
🚀 Starting: 4)_amethyst_deceiver (ID: 55899)
2026-03-04 03:41:45,889 [INFO]    ✅ 4)_amethyst_deceiver: 10/600
2026-03-04 03:42:14,027 [INFO]    ✅ 4)_amethyst_deceiver: 20/600
2026-03-04 03:42:56,023 [INFO]    ✅ 4)_amethyst_deceiver: 30/600
2026-03-04 03:43:22,667 [INFO]    ✅ 4)_amethyst_deceiver: 40/600
2026-03-04 03:43:53,345 [INFO]    ✅ 4)_amethyst_deceiver: 50/600
2026-03-04 03:44:17,523 [INFO]    ✅ 4)_amethyst_deceiver: 60/600
2026-03-04 03:44:45,383 [INFO]    ✅ 4)_amethyst_deceiver: 70/600
2026-03-04 03:45:09,630 [INFO]    ✅ 4)_amethyst_deceiver: 80/600
2026-03-04 03:45:50,914 [INFO]    ✅ 4)_amethyst_deceiver: 90/600
2026-03-04 03:46:17,828 [INFO]    ✅ 4)_amethyst_deceiver: 100/600
2026-03-04 03:46:40,251 [INFO]    ✅ 4)_amethyst_deceiver: 110/600
2026-03-04 03:47:05,248 [INFO]    ✅ 4)_amethyst_deceiver: 120/600
2026-03-04 03:47:32,225 [INFO]    ✅ 4)_amethyst_deceiver: 130/600
2026-03-04 03:48:01,932 [INFO]    ✅ 4)_amethyst_deceiver: 140/600
2026-03-04 03:48:25,734 [INFO]    ✅ 4)_amethyst_deceiver: 150/600
2026-03-04 03:48:55,093 [INFO]    ✅ 4)_amethyst_deceiver: 160/600
2026-03-04 03:49:20,656 [INFO]    ✅ 4)_amethyst_deceiver: 170/600
2026-03-04 03:50:00,960 [INFO]    ✅ 4)_amethyst_deceiver: 180/600
2026-03-04 03:50:21,218 [INFO]    ✅ 4)_amethyst_deceiver: 190/600
2026-03-04 03:50:44,773 [INFO]    ✅ 4)_amethyst_deceiver: 200/600
2026-03-04 03:51:23,210 [INFO]    ✅ 4)_amethyst_deceiver: 210/600
2026-03-04 03:51:44,971 [INFO]    ✅ 4)_amethyst_deceiver: 220/600
2026-03-04 03:52:22,783 [INFO]    ✅ 4)_amethyst_deceiver: 230/600
2026-03-04 03:52:48,456 [INFO]    ✅ 4)_amethyst_deceiver: 240/600
2026-03-04 03:53:07,324 [INFO]    ✅ 4)_amethyst_deceiver: 250/600
2026-03-04 03:53:32,635 [INFO]    ✅ 4)_amethyst_deceiver: 260/600
2026-03-04 03:54:00,276 [INFO]    ✅ 4)_amethyst_deceiver: 270/600
2026-03-04 03:54:29,002 [INFO]    ✅ 4)_amethyst_deceiver: 280/600
2026-03-04 03:54:59,958 [INFO]    ✅ 4)_amethyst_deceiver: 290/600
2026-03-04 03:55:22,958 [INFO]    ✅ 4)_amethyst_deceiver: 300/600
2026-03-04 03:55:56,038 [INFO]    ✅ 4)_amethyst_deceiver: 310/600
2026-03-04 03:56:24,197 [INFO]    ✅ 4)_amethyst_deceiver: 320/600
2026-03-04 03:56:46,733 [INFO]    ✅ 4)_amethyst_deceiver: 330/600
2026-03-04 03:57:11,169 [INFO]    ✅ 4)_amethyst_deceiver: 340/600
2026-03-04 03:57:32,775 [INFO]    ✅ 4)_amethyst_deceiver: 350/600
2026-03-04 03:58:08,303 [INFO]    ✅ 4)_amethyst_deceiver: 360/600
2026-03-04 03:58:29,606 [INFO]    ✅ 4)_amethyst_deceiver: 370/600
2026-03-04 03:58:50,005 [INFO]    ✅ 4)_amethyst_deceiver: 380/600
2026-03-04 03:59:27,121 [INFO]    ✅ 4)_amethyst_deceiver: 390/600
2026-03-04 03:59:52,257 [INFO]    ✅ 4)_amethyst_deceiver: 400/600
2026-03-04 04:00:14,859 [INFO]    ✅ 4)_amethyst_deceiver: 410/600
2026-03-04 04:00:48,636 [INFO]    ✅ 4)_amethyst_deceiver: 420/600
2026-03-04 04:01:11,468 [INFO]    ✅ 4)_amethyst_deceiver: 430/600
2026-03-04 04:02:03,910 [INFO]    ✅ 4)_amethyst_deceiver: 440/600
2026-03-04 04:02:20,812 [INFO]    ✅ 4)_amethyst_deceiver: 450/600
2026-03-04 04:02:45,530 [INFO]    ✅ 4)_amethyst_deceiver: 460/600
2026-03-04 04:03:06,944 [INFO]    ✅ 4)_amethyst_deceiver: 470/600
2026-03-04 04:03:28,122 [INFO]    ✅ 4)_amethyst_deceiver: 480/600
2026-03-04 04:03:54,727 [INFO]    ✅ 4)_amethyst_deceiver: 490/600
2026-03-04 04:04:15,821 [INFO]    ✅ 4)_amethyst_deceiver: 500/600
2026-03-04 04:04:53,561 [INFO]    ✅ 4)_amethyst_deceiver: 510/600
2026-03-04 04:05:28,717 [INFO]    ✅ 4)_amethyst_deceiver: 520/600
2026-03-04 04:06:07,164 [INFO]    ✅ 4)_amethyst_deceiver: 530/600
2026-03-04 04:06:26,223 [INFO]    ✅ 4)_amethyst_deceiver: 540/600
2026-03-04 04:06:47,964 [INFO]    ✅ 4)_amethyst_deceiver: 550/600
2026-03-04 04:07:10,431 [INFO]    ✅ 4)_amethyst_deceiver: 560/600
2026-03-04 04:07:35,432 [INFO]    ✅ 4)_amethyst_deceiver: 570/600
2026-03-04 04:08:02,072 [INFO]    ✅ 4)_amethyst_deceiver: 580/600
2026-03-04 04:08:27,803 [INFO]    ✅ 4)_amethyst_deceiver: 590/600
2026-03-04 04:08:52,566 [INFO]    ✅ 4)_amethyst_deceiver: 600/600
2026-03-04 04:08:53,588 [INFO] 
🚀 Starting: 5)_aniseed_funnel (ID: 1525546)
2026-03-04 04:09:15,096 [INFO]    ✅ 5)_aniseed_funnel: 10/600
2026-03-04 04:09:39,463 [INFO]    ✅ 5)_aniseed_funnel: 20/600
2026-03-04 04:10:04,235 [INFO]    ✅ 5)_aniseed_funnel: 30/600
2026-03-04 04:10:31,094 [INFO]    ✅ 5)_aniseed_funnel: 40/600
2026-03-04 04:10:49,770 [INFO]    ✅ 5)_aniseed_funnel: 50/600
2026-03-04 04:11:08,451 [INFO]    ✅ 5)_aniseed_funnel: 60/600
2026-03-04 04:11:31,244 [INFO]    ✅ 5)_aniseed_funnel: 70/600
2026-03-04 04:11:56,469 [INFO]    ✅ 5)_aniseed_funnel: 80/600
2026-03-04 04:12:19,043 [INFO]    ✅ 5)_aniseed_funnel: 90/600
2026-03-04 04:12:42,763 [INFO]    ✅ 5)_aniseed_funnel: 100/600
2026-03-04 04:13:01,181 [INFO]    ✅ 5)_aniseed_funnel: 110/600
2026-03-04 04:13:20,448 [INFO]    ✅ 5)_aniseed_funnel: 120/600
2026-03-04 04:13:40,207 [INFO]    ✅ 5)_aniseed_funnel: 130/600
2026-03-04 04:14:06,791 [INFO]    ✅ 5)_aniseed_funnel: 140/600
2026-03-04 04:14:32,429 [INFO]    ✅ 5)_aniseed_funnel: 150/600
2026-03-04 04:14:53,044 [INFO]    ✅ 5)_aniseed_funnel: 160/600
2026-03-04 04:15:14,238 [INFO]    ✅ 5)_aniseed_funnel: 170/600
2026-03-04 04:15:32,460 [INFO]    ✅ 5)_aniseed_funnel: 180/600
2026-03-04 04:15:55,950 [INFO]    ✅ 5)_aniseed_funnel: 190/600
2026-03-04 04:16:22,572 [INFO]    ✅ 5)_aniseed_funnel: 200/600
2026-03-04 04:16:45,439 [INFO]    ✅ 5)_aniseed_funnel: 210/600
2026-03-04 04:17:05,399 [INFO]    ✅ 5)_aniseed_funnel: 220/600
2026-03-04 04:17:26,499 [INFO]    ✅ 5)_aniseed_funnel: 230/600
2026-03-04 04:18:16,799 [INFO]    ✅ 5)_aniseed_funnel: 240/600
2026-03-04 04:18:39,742 [INFO]    ✅ 5)_aniseed_funnel: 250/600
2026-03-04 04:19:04,230 [INFO]    ✅ 5)_aniseed_funnel: 260/600
2026-03-04 04:19:27,244 [INFO]    ✅ 5)_aniseed_funnel: 270/600
2026-03-04 04:19:47,763 [INFO]    ✅ 5)_aniseed_funnel: 280/600
2026-03-04 04:20:07,355 [INFO]    ✅ 5)_aniseed_funnel: 290/600
2026-03-04 04:20:42,172 [INFO]    ✅ 5)_aniseed_funnel: 300/600
2026-03-04 04:21:12,830 [INFO]    ✅ 5)_aniseed_funnel: 310/600
2026-03-04 04:21:35,216 [INFO]    ✅ 5)_aniseed_funnel: 320/600
2026-03-04 04:21:57,825 [INFO]    ✅ 5)_aniseed_funnel: 330/600
2026-03-04 04:22:18,476 [INFO]    ✅ 5)_aniseed_funnel: 340/600
2026-03-04 04:22:37,068 [INFO]    ✅ 5)_aniseed_funnel: 350/600
2026-03-04 04:23:03,214 [INFO]    ✅ 5)_aniseed_funnel: 360/600
2026-03-04 04:23:30,770 [INFO]    ✅ 5)_aniseed_funnel: 370/600
2026-03-04 04:23:51,322 [INFO]    ✅ 5)_aniseed_funnel: 380/600
2026-03-04 04:24:18,171 [INFO]    ✅ 5)_aniseed_funnel: 390/600
2026-03-04 04:24:42,515 [INFO]    ✅ 5)_aniseed_funnel: 400/600
2026-03-04 04:25:05,262 [INFO]    ✅ 5)_aniseed_funnel: 410/600
2026-03-04 04:25:29,409 [INFO]    ✅ 5)_aniseed_funnel: 420/600
2026-03-04 04:25:50,488 [INFO]    ✅ 5)_aniseed_funnel: 430/600
2026-03-04 04:26:15,110 [INFO]    ✅ 5)_aniseed_funnel: 440/600
2026-03-04 04:26:36,021 [INFO]    ✅ 5)_aniseed_funnel: 450/600
2026-03-04 04:26:55,982 [INFO]    ✅ 5)_aniseed_funnel: 460/600
2026-03-04 04:27:17,760 [INFO]    ✅ 5)_aniseed_funnel: 470/600
2026-03-04 04:27:43,377 [INFO]    ✅ 5)_aniseed_funnel: 480/600
2026-03-04 04:28:05,138 [INFO]    ✅ 5)_aniseed_funnel: 490/600
2026-03-04 04:28:31,182 [INFO]    ✅ 5)_aniseed_funnel: 500/600
2026-03-04 04:28:53,560 [INFO]    ✅ 5)_aniseed_funnel: 510/600
2026-03-04 04:29:22,024 [INFO]    ✅ 5)_aniseed_funnel: 520/600
2026-03-04 04:29:40,678 [INFO]    ✅ 5)_aniseed_funnel: 530/600
2026-03-04 04:30:04,572 [INFO]    ✅ 5)_aniseed_funnel: 540/600
2026-03-04 04:30:33,629 [INFO]    ✅ 5)_aniseed_funnel: 550/600
2026-03-04 04:30:57,508 [INFO]    ✅ 5)_aniseed_funnel: 560/600
2026-03-04 04:31:16,891 [INFO]    ✅ 5)_aniseed_funnel: 570/600
2026-03-04 04:31:36,842 [INFO]    ✅ 5)_aniseed_funnel: 580/600
2026-03-04 04:32:02,504 [INFO]    ✅ 5)_aniseed_funnel: 590/600
2026-03-04 04:32:27,980 [INFO]    ✅ 5)_aniseed_funnel: 600/600
2026-03-04 04:32:29,001 [INFO] 
🚀 Starting: 6)_ascot_hat (ID: 875042)
2026-03-04 04:32:59,897 [INFO]    ✅ 6)_ascot_hat: 10/600
2026-03-04 04:33:33,237 [INFO]    ✅ 6)_ascot_hat: 20/600
2026-03-04 04:33:56,086 [INFO]    ✅ 6)_ascot_hat: 30/600
2026-03-04 04:34:24,712 [INFO]    ✅ 6)_ascot_hat: 40/600
2026-03-04 04:39:24,207 [INFO]    ✅ 6)_ascot_hat: 50/600
2026-03-04 04:39:42,403 [INFO]    ✅ 6)_ascot_hat: 60/600
2026-03-04 04:40:28,446 [INFO]    ✅ 6)_ascot_hat: 70/600
2026-03-04 04:41:47,714 [INFO]    ✅ 6)_ascot_hat: 80/600
2026-03-04 04:42:23,125 [INFO]    ✅ 6)_ascot_hat: 90/600
2026-03-04 04:42:46,136 [INFO]    ✅ 6)_ascot_hat: 100/600
2026-03-04 04:43:11,131 [INFO]    ✅ 6)_ascot_hat: 110/600
2026-03-04 04:43:38,247 [INFO]    ✅ 6)_ascot_hat: 120/600
2026-03-04 04:44:10,846 [INFO]    ✅ 6)_ascot_hat: 130/600
2026-03-04 04:44:40,968 [INFO]    ✅ 6)_ascot_hat: 140/600
2026-03-04 04:45:23,365 [INFO]    ✅ 6)_ascot_hat: 150/600
2026-03-04 04:45:52,987 [INFO]    ✅ 6)_ascot_hat: 160/600
