2026-03-09 18:59:24,966 [INFO] 🚀 Starting Class Zero Scraping...
2026-03-09 18:59:24,966 [INFO] 🔍 Searching for: forest floor
2026-03-09 19:00:00,382 [INFO]    💾 Downloaded: Class_Zero_010.jpg (10/600)
2026-03-09 19:00:29,688 [INFO]    💾 Downloaded: Class_Zero_020.jpg (20/600)
2026-03-09 19:00:49,838 [INFO]    💾 Downloaded: Class_Zero_030.jpg (30/600)
2026-03-09 19:01:30,678 [INFO]    💾 Downloaded: Class_Zero_040.jpg (40/600)
2026-03-09 19:01:52,627 [INFO]    💾 Downloaded: Class_Zero_050.jpg (50/600)
2026-03-09 19:02:11,446 [INFO] 🚀 Starting Class Zero Scraping...
2026-03-09 19:02:11,447 [INFO] 🔍 Searching for: forest floor
2026-03-09 19:02:40,819 [INFO]    💾 Downloaded: Class_Zero_060.jpg (60/600)
2026-03-09 19:03:04,751 [INFO] 🚀 Starting Class Zero Scraping...
2026-03-09 19:03:04,751 [INFO] 🔍 Searching for: forest floor
2026-03-09 19:03:21,597 [INFO]    💾 Downloaded: Class_Zero_070.jpg (70/600)
2026-03-09 19:03:27,592 [INFO]    💾 Downloaded: Class_Zero_060.jpg (60/600)
2026-03-09 19:03:50,013 [INFO]    💾 Downloaded: Class_Zero_080.jpg (80/600)
2026-03-09 19:04:08,351 [INFO]    💾 Downloaded: Class_Zero_070.jpg (70/600)
2026-03-09 19:04:20,756 [INFO]    💾 Downloaded: Class_Zero_090.jpg (90/600)
2026-03-09 19:04:36,368 [INFO]    💾 Downloaded: Class_Zero_080.jpg (80/600)
2026-03-09 19:04:40,057 [INFO] 🚀 Starting Class Zero Scraping...
2026-03-09 19:04:40,057 [INFO] 🔍 Searching for: forest floor
2026-03-09 19:04:49,151 [INFO]    💾 Downloaded: Class_Zero_100.jpg (100/600)
2026-03-09 19:05:17,815 [INFO]    💾 Downloaded: Class_Zero_090.jpg (90/600)
2026-03-09 19:06:00,399 [INFO]    💾 Downloaded: Class_Zero_110.jpg (110/600)
2026-03-09 19:06:28,487 [INFO]    💾 Downloaded: Class_Zero_120.jpg (120/600)
2026-03-09 19:06:53,562 [INFO]    💾 Downloaded: Class_Zero_130.jpg (130/600)
2026-03-09 19:07:19,807 [INFO]    💾 Downloaded: Class_Zero_140.jpg (140/600)
2026-03-09 19:07:52,042 [INFO]    💾 Downloaded: Class_Zero_150.jpg (150/600)
2026-03-09 19:08:30,678 [INFO]    💾 Downloaded: Class_Zero_160.jpg (160/600)
2026-03-09 19:09:06,453 [INFO]    💾 Downloaded: Class_Zero_170.jpg (170/600)
2026-03-09 19:09:37,981 [INFO]    💾 Downloaded: Class_Zero_180.jpg (180/600)
2026-03-09 19:10:14,048 [INFO]    💾 Downloaded: Class_Zero_190.jpg (190/600)
2026-03-09 19:10:50,261 [INFO]    💾 Downloaded: Class_Zero_200.jpg (200/600)
2026-03-09 19:11:19,872 [INFO]    💾 Downloaded: Class_Zero_210.jpg (210/600)
2026-03-09 19:11:47,634 [INFO]    💾 Downloaded: Class_Zero_220.jpg (220/600)
2026-03-09 19:12:22,934 [INFO]    💾 Downloaded: Class_Zero_230.jpg (230/600)
2026-03-09 19:12:25,611 [INFO] 🚀 Starting Class Zero Scraping...
2026-03-09 19:12:25,614 [INFO] 🔍 Searching for: forest floor
2026-03-09 19:12:45,268 [INFO]    💾 Downloaded: Class_Zero_510.jpg (510/600)
2026-03-09 19:13:03,309 [INFO]    💾 Downloaded: Class_Zero_240.jpg (240/600)
2026-03-09 19:13:15,662 [INFO]    💾 Downloaded: Class_Zero_520.jpg (520/600)
2026-03-09 19:13:49,112 [INFO]    💾 Downloaded: Class_Zero_250.jpg (250/600)
2026-03-09 19:13:55,758 [INFO]    💾 Downloaded: Class_Zero_530.jpg (530/600)
2026-03-09 19:14:24,609 [INFO]    💾 Downloaded: Class_Zero_540.jpg (540/600)
2026-03-09 19:14:45,040 [INFO]    💾 Downloaded: Class_Zero_260.jpg (260/600)
2026-03-09 19:14:57,117 [INFO]    💾 Downloaded: Class_Zero_550.jpg (550/600)
2026-03-09 19:15:10,251 [INFO] 🚀 Starting Class Zero Scraping...
2026-03-09 19:15:10,252 [INFO] 🔍 Searching for: forest floor
2026-03-09 19:15:35,810 [INFO]    💾 Downloaded: Class_Zero_560.jpg (560/600)
2026-03-09 19:16:05,249 [INFO]    💾 Downloaded: Class_Zero_570.jpg (570/600)
2026-03-09 19:16:16,723 [INFO] 🚀 Starting Class Zero Scraping...
2026-03-09 19:16:16,723 [INFO] 🔍 Searching for: forest floor
2026-03-09 19:16:41,809 [INFO]    💾 Downloaded: Class_Zero_030.jpg (30/600)
2026-03-09 19:16:51,390 [INFO]    💾 Downloaded: Class_Zero_070.jpg (70/600)
2026-03-09 19:17:05,980 [INFO]    💾 Downloaded: Class_Zero_100.jpg (100/600)
2026-03-09 19:17:15,313 [INFO]    💾 Downloaded: Class_Zero_130.jpg (130/600)
2026-03-09 19:17:36,386 [INFO]    💾 Downloaded: Class_Zero_170.jpg (170/600)
2026-03-09 19:18:27,112 [INFO]    💾 Downloaded: Class_Zero_240.jpg (240/600)
2026-03-09 19:19:45,794 [INFO]    💾 Downloaded: Class_Zero_250.jpg (250/600)
2026-03-09 19:20:15,983 [INFO] 🚀 Starting FAST Class Zero Scraping (20 workers)...
2026-03-09 19:20:15,984 [INFO] 🔍 Searching: forest floor
2026-03-09 19:20:26,071 [INFO]    💾 Downloaded: Class_Zero_258.jpg
2026-03-09 19:20:26,973 [INFO]    💾 Downloaded: Class_Zero_258.jpg
2026-03-09 19:20:27,022 [INFO]    💾 Downloaded: Class_Zero_258.jpg
2026-03-09 19:20:27,484 [INFO]    💾 Downloaded: Class_Zero_258.jpg
2026-03-09 19:20:27,608 [INFO]    💾 Downloaded: Class_Zero_258.jpg
2026-03-09 19:20:27,807 [INFO]    💾 Downloaded: Class_Zero_258.jpg
2026-03-09 19:20:27,964 [INFO]    💾 Downloaded: Class_Zero_258.jpg
2026-03-09 19:20:27,987 [INFO]    💾 Downloaded: Class_Zero_258.jpg
2026-03-09 19:20:28,068 [INFO]    💾 Downloaded: Class_Zero_258.jpg
2026-03-09 19:20:28,358 [INFO]    💾 Downloaded: Class_Zero_258.jpg
2026-03-09 19:20:28,479 [INFO]    💾 Downloaded: Class_Zero_258.jpg
2026-03-09 19:20:28,497 [INFO]    💾 Downloaded: Class_Zero_258.jpg
2026-03-09 19:20:28,684 [INFO]    💾 Downloaded: Class_Zero_259.jpg
2026-03-09 19:20:29,645 [INFO]    💾 Downloaded: Class_Zero_259.jpg
2026-03-09 19:20:29,725 [INFO]    💾 Downloaded: Class_Zero_259.jpg
2026-03-09 19:20:29,806 [INFO]    💾 Downloaded: Class_Zero_259.jpg
2026-03-09 19:20:29,924 [INFO]    💾 Downloaded: Class_Zero_259.jpg
2026-03-09 19:20:29,962 [INFO]    💾 Downloaded: Class_Zero_259.jpg
2026-03-09 19:20:30,124 [INFO]    💾 Downloaded: Class_Zero_258.jpg
2026-03-09 19:20:30,460 [INFO]    💾 Downloaded: Class_Zero_259.jpg
2026-03-09 19:20:30,553 [INFO]    💾 Downloaded: Class_Zero_259.jpg
2026-03-09 19:20:30,679 [INFO]    💾 Downloaded: Class_Zero_258.jpg
2026-03-09 19:20:30,987 [INFO]    💾 Downloaded: Class_Zero_258.jpg
2026-03-09 19:20:31,515 [INFO]    💾 Downloaded: Class_Zero_260.jpg
2026-03-09 19:20:31,683 [INFO]    💾 Downloaded: Class_Zero_259.jpg
2026-03-09 19:20:31,793 [INFO]    💾 Downloaded: Class_Zero_260.jpg
2026-03-09 19:20:32,094 [INFO]    💾 Downloaded: Class_Zero_259.jpg
2026-03-09 19:20:32,504 [INFO]    💾 Downloaded: Class_Zero_258.jpg
2026-03-09 19:20:32,620 [INFO]    💾 Downloaded: Class_Zero_260.jpg
2026-03-09 19:20:32,694 [INFO]    💾 Downloaded: Class_Zero_259.jpg
2026-03-09 19:20:33,437 [INFO]    💾 Downloaded: Class_Zero_260.jpg
2026-03-09 19:20:33,700 [INFO]    💾 Downloaded: Class_Zero_258.jpg
2026-03-09 19:20:33,786 [INFO]    💾 Downloaded: Class_Zero_261.jpg
2026-03-09 19:20:34,022 [INFO]    💾 Downloaded: Class_Zero_260.jpg
2026-03-09 19:20:34,121 [INFO]    💾 Downloaded: Class_Zero_260.jpg
2026-03-09 19:20:34,207 [INFO]    💾 Downloaded: Class_Zero_261.jpg
2026-03-09 19:20:34,446 [INFO]    💾 Downloaded: Class_Zero_260.jpg
2026-03-09 19:20:34,693 [INFO]    💾 Downloaded: Class_Zero_258.jpg
2026-03-09 19:20:34,777 [INFO]    💾 Downloaded: Class_Zero_260.jpg
2026-03-09 19:20:34,914 [INFO]    💾 Downloaded: Class_Zero_260.jpg
2026-03-09 19:20:35,361 [INFO]    💾 Downloaded: Class_Zero_262.jpg
2026-03-09 19:20:35,445 [INFO]    💾 Downloaded: Class_Zero_262.jpg
2026-03-09 19:20:35,501 [INFO]    💾 Downloaded: Class_Zero_258.jpg
2026-03-09 19:20:35,923 [INFO]    💾 Downloaded: Class_Zero_261.jpg
2026-03-09 19:20:36,078 [INFO]    💾 Downloaded: Class_Zero_261.jpg
2026-03-09 19:20:36,409 [INFO]    💾 Downloaded: Class_Zero_261.jpg
2026-03-09 19:20:36,583 [INFO]    💾 Downloaded: Class_Zero_261.jpg
2026-03-09 19:20:37,058 [INFO]    💾 Downloaded: Class_Zero_262.jpg
2026-03-09 19:20:37,641 [INFO]    💾 Downloaded: Class_Zero_262.jpg
2026-03-09 19:20:37,890 [INFO]    💾 Downloaded: Class_Zero_261.jpg
2026-03-09 19:20:38,183 [INFO]    💾 Downloaded: Class_Zero_263.jpg
2026-03-09 19:20:40,549 [INFO]    💾 Downloaded: Class_Zero_261.jpg
2026-03-09 19:20:41,508 [INFO]    💾 Downloaded: Class_Zero_260.jpg
2026-03-09 19:20:42,352 [INFO]    💾 Downloaded: Class_Zero_261.jpg
2026-03-09 19:20:42,845 [INFO]    💾 Downloaded: Class_Zero_263.jpg
2026-03-09 19:20:43,018 [INFO]    💾 Downloaded: Class_Zero_262.jpg
2026-03-09 19:20:43,942 [INFO]    💾 Downloaded: Class_Zero_263.jpg
2026-03-09 19:20:44,153 [INFO]    💾 Downloaded: Class_Zero_263.jpg
2026-03-09 19:20:44,169 [INFO]    💾 Downloaded: Class_Zero_263.jpg
2026-03-09 19:20:44,466 [INFO]    💾 Downloaded: Class_Zero_262.jpg
2026-03-09 19:20:44,725 [INFO]    💾 Downloaded: Class_Zero_258.jpg
2026-03-09 19:20:44,830 [INFO]    💾 Downloaded: Class_Zero_263.jpg
2026-03-09 19:20:44,963 [INFO]    💾 Downloaded: Class_Zero_262.jpg
2026-03-09 19:20:45,630 [INFO]    💾 Downloaded: Class_Zero_264.jpg
2026-03-09 19:20:46,170 [INFO]    💾 Downloaded: Class_Zero_263.jpg
2026-03-09 19:20:46,304 [INFO]    💾 Downloaded: Class_Zero_259.jpg
2026-03-09 19:20:46,306 [INFO]    💾 Downloaded: Class_Zero_260.jpg
2026-03-09 19:20:46,538 [INFO]    💾 Downloaded: Class_Zero_263.jpg
2026-03-09 19:20:47,269 [INFO]    💾 Downloaded: Class_Zero_264.jpg
2026-03-09 19:20:47,528 [INFO]    💾 Downloaded: Class_Zero_264.jpg
2026-03-09 19:20:47,546 [INFO]    💾 Downloaded: Class_Zero_264.jpg
2026-03-09 19:20:47,632 [INFO]    💾 Downloaded: Class_Zero_262.jpg
2026-03-09 19:20:47,695 [INFO]    💾 Downloaded: Class_Zero_264.jpg
2026-03-09 19:20:48,189 [INFO]    💾 Downloaded: Class_Zero_264.jpg
2026-03-09 19:20:48,211 [INFO]    💾 Downloaded: Class_Zero_264.jpg
2026-03-09 19:20:48,214 [INFO]    💾 Downloaded: Class_Zero_263.jpg
2026-03-09 19:20:48,880 [INFO]    💾 Downloaded: Class_Zero_264.jpg
2026-03-09 19:20:49,093 [INFO]    💾 Downloaded: Class_Zero_264.jpg
2026-03-09 19:20:49,450 [INFO]    💾 Downloaded: Class_Zero_264.jpg
2026-03-09 19:20:49,631 [INFO]    💾 Downloaded: Class_Zero_263.jpg
2026-03-09 19:20:49,877 [INFO]    💾 Downloaded: Class_Zero_264.jpg
2026-03-09 19:20:49,945 [INFO]    💾 Downloaded: Class_Zero_265.jpg
2026-03-09 19:20:50,064 [INFO]    💾 Downloaded: Class_Zero_264.jpg
2026-03-09 19:20:50,123 [INFO]    💾 Downloaded: Class_Zero_265.jpg
2026-03-09 19:20:50,457 [INFO]    💾 Downloaded: Class_Zero_265.jpg
2026-03-09 19:20:50,620 [INFO]    💾 Downloaded: Class_Zero_265.jpg
2026-03-09 19:20:51,004 [INFO]    💾 Downloaded: Class_Zero_265.jpg
2026-03-09 19:20:51,056 [INFO]    💾 Downloaded: Class_Zero_265.jpg
2026-03-09 19:20:51,106 [INFO]    💾 Downloaded: Class_Zero_265.jpg
2026-03-09 19:20:51,146 [INFO]    💾 Downloaded: Class_Zero_265.jpg
2026-03-09 19:20:52,286 [INFO]    💾 Downloaded: Class_Zero_265.jpg
2026-03-09 19:20:52,760 [INFO]    💾 Downloaded: Class_Zero_265.jpg
2026-03-09 19:20:52,960 [INFO]    💾 Downloaded: Class_Zero_265.jpg
2026-03-09 19:20:53,002 [INFO]    💾 Downloaded: Class_Zero_265.jpg
2026-03-09 19:20:57,627 [INFO]    💾 Downloaded: Class_Zero_265.jpg
2026-03-09 19:20:58,299 [INFO]    💾 Downloaded: Class_Zero_265.jpg
2026-03-09 19:20:58,734 [INFO]    💾 Downloaded: Class_Zero_265.jpg
2026-03-09 19:20:59,705 [INFO]    💾 Downloaded: Class_Zero_265.jpg
2026-03-09 19:20:59,830 [INFO]    💾 Downloaded: Class_Zero_265.jpg
2026-03-09 19:21:01,453 [INFO]    💾 Downloaded: Class_Zero_266.jpg
2026-03-09 19:21:01,514 [INFO]    💾 Downloaded: Class_Zero_265.jpg
2026-03-09 19:21:02,198 [INFO]    💾 Downloaded: Class_Zero_266.jpg
2026-03-09 19:21:02,997 [INFO]    💾 Downloaded: Class_Zero_266.jpg
2026-03-09 19:21:03,681 [INFO]    💾 Downloaded: Class_Zero_266.jpg
2026-03-09 19:21:03,725 [INFO]    💾 Downloaded: Class_Zero_266.jpg
2026-03-09 19:21:05,230 [INFO]    💾 Downloaded: Class_Zero_266.jpg
2026-03-09 19:21:05,522 [INFO]    💾 Downloaded: Class_Zero_266.jpg
2026-03-09 19:21:05,983 [INFO]    💾 Downloaded: Class_Zero_266.jpg
2026-03-09 19:21:06,022 [INFO]    💾 Downloaded: Class_Zero_266.jpg
2026-03-09 19:21:06,370 [INFO]    💾 Downloaded: Class_Zero_266.jpg
2026-03-09 19:21:06,658 [INFO]    💾 Downloaded: Class_Zero_266.jpg
2026-03-09 19:21:06,738 [INFO]    💾 Downloaded: Class_Zero_266.jpg
2026-03-09 19:21:07,315 [INFO] 🚀 Starting FAST Class Zero Scraping (20 workers)...
2026-03-09 19:21:07,316 [INFO] 🔍 Searching: forest floor
2026-03-09 19:21:20,084 [INFO]    💾 Parallel Download: Class_Zero_286.jpg
2026-03-09 19:21:20,441 [INFO]    💾 Parallel Download: Class_Zero_280.jpg
2026-03-09 19:21:21,017 [INFO]    💾 Parallel Download: Class_Zero_276.jpg
2026-03-09 19:21:24,147 [INFO]    💾 Parallel Download: Class_Zero_285.jpg
2026-03-09 19:21:24,260 [INFO]    💾 Parallel Download: Class_Zero_272.jpg
2026-03-09 19:21:24,286 [INFO]    💾 Parallel Download: Class_Zero_283.jpg
2026-03-09 19:21:24,441 [INFO]    💾 Parallel Download: Class_Zero_275.jpg
2026-03-09 19:21:24,471 [INFO]    💾 Parallel Download: Class_Zero_274.jpg
2026-03-09 19:21:24,713 [INFO]    💾 Parallel Download: Class_Zero_269.jpg
2026-03-09 19:21:24,911 [INFO]    💾 Parallel Download: Class_Zero_284.jpg
2026-03-09 19:21:25,261 [INFO]    💾 Parallel Download: Class_Zero_270.jpg
2026-03-09 19:21:25,653 [INFO]    💾 Parallel Download: Class_Zero_268.jpg
2026-03-09 19:21:25,712 [INFO]    💾 Parallel Download: Class_Zero_277.jpg
2026-03-09 19:21:25,812 [INFO]    💾 Parallel Download: Class_Zero_281.jpg
2026-03-09 19:21:26,200 [INFO]    💾 Parallel Download: Class_Zero_287.jpg
2026-03-09 19:21:26,234 [INFO]    💾 Parallel Download: Class_Zero_278.jpg
2026-03-09 19:21:26,324 [INFO]    💾 Parallel Download: Class_Zero_273.jpg
2026-03-09 19:21:26,328 [INFO]    💾 Parallel Download: Class_Zero_279.jpg
2026-03-09 19:21:26,534 [INFO]    💾 Parallel Download: Class_Zero_267.jpg
2026-03-09 19:21:26,907 [INFO]    💾 Parallel Download: Class_Zero_288.jpg
2026-03-09 19:21:27,944 [INFO]    💾 Parallel Download: Class_Zero_293.jpg
2026-03-09 19:21:28,615 [INFO]    💾 Parallel Download: Class_Zero_289.jpg
2026-03-09 19:21:29,083 [INFO]    💾 Parallel Download: Class_Zero_271.jpg
2026-03-09 19:21:29,563 [INFO]    💾 Parallel Download: Class_Zero_292.jpg
2026-03-09 19:21:29,625 [INFO]    💾 Parallel Download: Class_Zero_282.jpg
2026-03-09 19:21:31,729 [INFO]    💾 Parallel Download: Class_Zero_296.jpg
2026-03-09 19:21:31,952 [INFO]    💾 Parallel Download: Class_Zero_291.jpg
2026-03-09 19:21:32,522 [INFO]    💾 Parallel Download: Class_Zero_302.jpg
2026-03-09 19:21:33,216 [INFO]    💾 Parallel Download: Class_Zero_297.jpg
2026-03-09 19:21:33,586 [INFO]    💾 Parallel Download: Class_Zero_301.jpg
2026-03-09 19:21:33,602 [INFO]    💾 Parallel Download: Class_Zero_295.jpg
2026-03-09 19:21:36,245 [INFO]    💾 Parallel Download: Class_Zero_294.jpg
2026-03-09 19:21:36,537 [INFO]    💾 Parallel Download: Class_Zero_299.jpg
2026-03-09 19:21:36,714 [INFO]    💾 Parallel Download: Class_Zero_300.jpg
2026-03-09 19:21:37,616 [INFO]    💾 Parallel Download: Class_Zero_298.jpg
2026-03-09 19:21:40,112 [INFO]    💾 Parallel Download: Class_Zero_308.jpg
2026-03-09 19:21:40,171 [INFO]    💾 Parallel Download: Class_Zero_309.jpg
2026-03-09 19:21:40,226 [INFO]    💾 Parallel Download: Class_Zero_306.jpg
2026-03-09 19:21:40,242 [INFO]    💾 Parallel Download: Class_Zero_303.jpg
2026-03-09 19:21:40,328 [INFO]    💾 Parallel Download: Class_Zero_307.jpg
2026-03-09 19:21:40,491 [INFO]    💾 Parallel Download: Class_Zero_310.jpg
2026-03-09 19:21:42,862 [INFO]    💾 Parallel Download: Class_Zero_311.jpg
2026-03-09 19:21:43,484 [INFO]    💾 Parallel Download: Class_Zero_305.jpg
2026-03-09 19:21:43,499 [INFO]    💾 Parallel Download: Class_Zero_312.jpg
2026-03-09 19:21:45,158 [INFO]    💾 Parallel Download: Class_Zero_314.jpg
2026-03-09 19:21:45,357 [INFO]    💾 Parallel Download: Class_Zero_313.jpg
2026-03-09 19:21:46,021 [INFO]    💾 Parallel Download: Class_Zero_318.jpg
2026-03-09 19:21:47,569 [INFO]    💾 Parallel Download: Class_Zero_304.jpg
2026-03-09 19:21:47,714 [INFO]    💾 Parallel Download: Class_Zero_320.jpg
2026-03-09 19:21:48,073 [INFO]    💾 Parallel Download: Class_Zero_316.jpg
2026-03-09 19:21:48,730 [INFO]    💾 Parallel Download: Class_Zero_332.jpg
2026-03-09 19:21:49,258 [INFO]    💾 Parallel Download: Class_Zero_317.jpg
2026-03-09 19:21:49,911 [INFO]    💾 Parallel Download: Class_Zero_323.jpg
2026-03-09 19:21:50,034 [INFO]    💾 Parallel Download: Class_Zero_329.jpg
2026-03-09 19:21:50,326 [INFO]    💾 Parallel Download: Class_Zero_315.jpg
2026-03-09 19:21:50,382 [INFO]    💾 Parallel Download: Class_Zero_325.jpg
2026-03-09 19:21:50,538 [INFO]    💾 Parallel Download: Class_Zero_328.jpg
2026-03-09 19:21:50,596 [INFO]    💾 Parallel Download: Class_Zero_330.jpg
2026-03-09 19:21:50,771 [INFO]    💾 Parallel Download: Class_Zero_327.jpg
2026-03-09 19:21:51,094 [INFO]    💾 Parallel Download: Class_Zero_319.jpg
2026-03-09 19:21:51,205 [INFO]    💾 Parallel Download: Class_Zero_331.jpg
2026-03-09 19:21:51,225 [INFO]    💾 Parallel Download: Class_Zero_290.jpg
2026-03-09 19:21:51,307 [INFO]    💾 Parallel Download: Class_Zero_326.jpg
2026-03-09 19:21:52,050 [INFO]    💾 Parallel Download: Class_Zero_336.jpg
2026-03-09 19:21:52,874 [INFO]    💾 Parallel Download: Class_Zero_322.jpg
2026-03-09 19:21:53,316 [INFO]    💾 Parallel Download: Class_Zero_338.jpg
2026-03-09 19:21:53,351 [INFO]    💾 Parallel Download: Class_Zero_335.jpg
2026-03-09 19:21:55,516 [INFO]    💾 Parallel Download: Class_Zero_346.jpg
2026-03-09 19:21:55,572 [INFO]    💾 Parallel Download: Class_Zero_341.jpg
2026-03-09 19:21:55,615 [INFO]    💾 Parallel Download: Class_Zero_340.jpg
2026-03-09 19:21:56,031 [INFO]    💾 Parallel Download: Class_Zero_344.jpg
2026-03-09 19:21:56,056 [INFO]    💾 Parallel Download: Class_Zero_345.jpg
2026-03-09 19:21:56,138 [INFO]    💾 Parallel Download: Class_Zero_342.jpg
2026-03-09 19:21:56,179 [INFO]    💾 Parallel Download: Class_Zero_339.jpg
2026-03-09 19:21:56,184 [INFO]    💾 Parallel Download: Class_Zero_337.jpg
2026-03-09 19:21:56,280 [INFO]    💾 Parallel Download: Class_Zero_334.jpg
2026-03-09 19:21:56,305 [INFO]    💾 Parallel Download: Class_Zero_333.jpg
2026-03-09 19:21:56,335 [INFO]    💾 Parallel Download: Class_Zero_347.jpg
2026-03-09 19:21:56,765 [INFO]    💾 Parallel Download: Class_Zero_321.jpg
2026-03-09 19:21:56,954 [INFO]    💾 Parallel Download: Class_Zero_350.jpg
2026-03-09 19:21:57,041 [INFO]    💾 Parallel Download: Class_Zero_324.jpg
2026-03-09 19:21:57,065 [INFO]    💾 Parallel Download: Class_Zero_352.jpg
2026-03-09 19:21:57,219 [INFO]    💾 Parallel Download: Class_Zero_349.jpg
2026-03-09 19:21:57,410 [INFO]    💾 Parallel Download: Class_Zero_348.jpg
2026-03-09 19:21:57,821 [INFO]    💾 Parallel Download: Class_Zero_364.jpg
2026-03-09 19:21:59,101 [INFO]    💾 Parallel Download: Class_Zero_343.jpg
2026-03-09 19:21:59,188 [INFO]    💾 Parallel Download: Class_Zero_359.jpg
2026-03-09 19:21:59,205 [INFO]    💾 Parallel Download: Class_Zero_353.jpg
2026-03-09 19:21:59,588 [INFO]    💾 Parallel Download: Class_Zero_354.jpg
2026-03-09 19:21:59,596 [INFO]    💾 Parallel Download: Class_Zero_355.jpg
2026-03-09 19:21:59,927 [INFO]    💾 Parallel Download: Class_Zero_362.jpg
2026-03-09 19:22:00,045 [INFO]    💾 Parallel Download: Class_Zero_358.jpg
2026-03-09 19:22:00,182 [INFO]    💾 Parallel Download: Class_Zero_361.jpg
2026-03-09 19:22:00,281 [INFO]    💾 Parallel Download: Class_Zero_351.jpg
2026-03-09 19:22:00,600 [INFO]    💾 Parallel Download: Class_Zero_360.jpg
2026-03-09 19:22:01,070 [INFO]    💾 Parallel Download: Class_Zero_356.jpg
2026-03-09 19:22:01,128 [INFO]    💾 Parallel Download: Class_Zero_357.jpg
2026-03-09 19:22:01,190 [INFO]    💾 Parallel Download: Class_Zero_366.jpg
2026-03-09 19:22:01,605 [INFO]    💾 Parallel Download: Class_Zero_372.jpg
2026-03-09 19:22:03,096 [INFO]    💾 Parallel Download: Class_Zero_363.jpg
2026-03-09 19:22:03,465 [INFO]    💾 Parallel Download: Class_Zero_375.jpg
2026-03-09 19:22:03,546 [INFO]    💾 Parallel Download: Class_Zero_373.jpg
2026-03-09 19:22:03,608 [INFO]    💾 Parallel Download: Class_Zero_377.jpg
2026-03-09 19:22:04,189 [INFO]    💾 Parallel Download: Class_Zero_380.jpg
2026-03-09 19:22:04,516 [INFO]    💾 Parallel Download: Class_Zero_385.jpg
2026-03-09 19:22:05,069 [INFO]    💾 Parallel Download: Class_Zero_381.jpg
2026-03-09 19:22:05,193 [INFO]    💾 Parallel Download: Class_Zero_368.jpg
2026-03-09 19:22:05,689 [INFO]    💾 Parallel Download: Class_Zero_374.jpg
2026-03-09 19:22:05,728 [INFO]    💾 Parallel Download: Class_Zero_378.jpg
2026-03-09 19:22:06,418 [INFO]    💾 Parallel Download: Class_Zero_386.jpg
2026-03-09 19:22:06,730 [INFO]    💾 Parallel Download: Class_Zero_391.jpg
2026-03-09 19:22:07,471 [INFO]    💾 Parallel Download: Class_Zero_379.jpg
2026-03-09 19:22:07,497 [INFO]    💾 Parallel Download: Class_Zero_394.jpg
2026-03-09 19:22:07,717 [INFO]    💾 Parallel Download: Class_Zero_392.jpg
2026-03-09 19:22:07,892 [INFO]    💾 Parallel Download: Class_Zero_393.jpg
2026-03-09 19:22:07,948 [INFO]    💾 Parallel Download: Class_Zero_383.jpg
2026-03-09 19:22:08,079 [INFO]    💾 Parallel Download: Class_Zero_395.jpg
2026-03-09 19:22:08,102 [INFO]    💾 Parallel Download: Class_Zero_384.jpg
2026-03-09 19:22:08,175 [INFO]    💾 Parallel Download: Class_Zero_367.jpg
2026-03-09 19:22:09,177 [INFO]    💾 Parallel Download: Class_Zero_387.jpg
2026-03-09 19:22:09,518 [INFO]    💾 Parallel Download: Class_Zero_396.jpg
2026-03-09 19:22:09,595 [INFO]    💾 Parallel Download: Class_Zero_399.jpg
2026-03-09 19:22:10,403 [INFO]    💾 Parallel Download: Class_Zero_398.jpg
2026-03-09 19:22:10,715 [INFO]    💾 Parallel Download: Class_Zero_376.jpg
2026-03-09 19:22:10,733 [INFO]    💾 Parallel Download: Class_Zero_402.jpg
2026-03-09 19:22:10,779 [INFO]    💾 Parallel Download: Class_Zero_389.jpg
2026-03-09 19:22:11,170 [INFO]    💾 Parallel Download: Class_Zero_397.jpg
2026-03-09 19:22:12,405 [INFO]    💾 Parallel Download: Class_Zero_406.jpg
2026-03-09 19:22:12,884 [INFO]    💾 Parallel Download: Class_Zero_405.jpg
2026-03-09 19:22:13,119 [INFO]    💾 Parallel Download: Class_Zero_401.jpg
2026-03-09 19:22:13,375 [INFO]    💾 Parallel Download: Class_Zero_404.jpg
2026-03-09 19:22:13,410 [INFO]    💾 Parallel Download: Class_Zero_370.jpg
2026-03-09 19:22:13,472 [INFO]    💾 Parallel Download: Class_Zero_408.jpg
2026-03-09 19:22:13,489 [INFO]    💾 Parallel Download: Class_Zero_365.jpg
2026-03-09 19:22:14,101 [INFO]    💾 Parallel Download: Class_Zero_390.jpg
2026-03-09 19:22:14,439 [INFO]    💾 Parallel Download: Class_Zero_369.jpg
2026-03-09 19:22:14,619 [INFO]    💾 Parallel Download: Class_Zero_407.jpg
2026-03-09 19:22:15,118 [INFO]    💾 Parallel Download: Class_Zero_410.jpg
2026-03-09 19:22:15,210 [INFO]    💾 Parallel Download: Class_Zero_419.jpg
2026-03-09 19:22:15,245 [INFO]    💾 Parallel Download: Class_Zero_403.jpg
2026-03-09 19:22:15,308 [INFO]    💾 Parallel Download: Class_Zero_409.jpg
2026-03-09 19:22:15,837 [INFO]    💾 Parallel Download: Class_Zero_423.jpg
2026-03-09 19:22:16,200 [INFO]    💾 Parallel Download: Class_Zero_416.jpg
2026-03-09 19:22:16,389 [INFO]    💾 Parallel Download: Class_Zero_412.jpg
2026-03-09 19:22:16,530 [INFO]    💾 Parallel Download: Class_Zero_415.jpg
2026-03-09 19:22:16,608 [INFO]    💾 Parallel Download: Class_Zero_424.jpg
2026-03-09 19:22:16,636 [INFO]    💾 Parallel Download: Class_Zero_414.jpg
2026-03-09 19:22:17,068 [INFO]    💾 Parallel Download: Class_Zero_400.jpg
2026-03-09 19:22:17,240 [INFO]    💾 Parallel Download: Class_Zero_422.jpg
2026-03-09 19:22:18,191 [INFO]    💾 Parallel Download: Class_Zero_431.jpg
2026-03-09 19:22:18,216 [INFO]    💾 Parallel Download: Class_Zero_427.jpg
2026-03-09 19:22:18,669 [INFO]    💾 Parallel Download: Class_Zero_432.jpg
2026-03-09 19:22:18,763 [INFO]    💾 Parallel Download: Class_Zero_382.jpg
2026-03-09 19:22:18,900 [INFO]    💾 Parallel Download: Class_Zero_428.jpg
2026-03-09 19:22:19,373 [INFO]    💾 Parallel Download: Class_Zero_429.jpg
2026-03-09 19:22:19,470 [INFO]    💾 Parallel Download: Class_Zero_426.jpg
2026-03-09 19:22:19,652 [INFO]    💾 Parallel Download: Class_Zero_433.jpg
2026-03-09 19:22:19,943 [INFO]    💾 Parallel Download: Class_Zero_437.jpg
2026-03-09 19:22:20,163 [INFO]    💾 Parallel Download: Class_Zero_436.jpg
2026-03-09 19:22:20,464 [INFO]    💾 Parallel Download: Class_Zero_434.jpg
2026-03-09 19:22:20,630 [INFO]    💾 Parallel Download: Class_Zero_430.jpg
2026-03-09 19:22:20,832 [INFO]    💾 Parallel Download: Class_Zero_441.jpg
2026-03-09 19:22:21,045 [INFO]    💾 Parallel Download: Class_Zero_425.jpg
2026-03-09 19:22:21,156 [INFO]    💾 Parallel Download: Class_Zero_438.jpg
2026-03-09 19:22:21,355 [INFO]    💾 Parallel Download: Class_Zero_435.jpg
2026-03-09 19:22:21,920 [INFO]    💾 Parallel Download: Class_Zero_444.jpg
2026-03-09 19:22:22,500 [INFO]    💾 Parallel Download: Class_Zero_421.jpg
2026-03-09 19:22:22,604 [INFO]    💾 Parallel Download: Class_Zero_420.jpg
2026-03-09 19:22:22,859 [INFO]    💾 Parallel Download: Class_Zero_445.jpg
2026-03-09 19:22:23,682 [INFO]    💾 Parallel Download: Class_Zero_413.jpg
2026-03-09 19:22:25,942 [INFO]    💾 Parallel Download: Class_Zero_417.jpg
2026-03-09 19:22:26,152 [INFO]    💾 Parallel Download: Class_Zero_456.jpg
2026-03-09 19:22:26,492 [INFO]    💾 Parallel Download: Class_Zero_446.jpg
2026-03-09 19:22:26,842 [INFO]    💾 Parallel Download: Class_Zero_443.jpg
2026-03-09 19:22:27,073 [INFO]    💾 Parallel Download: Class_Zero_449.jpg
2026-03-09 19:22:27,106 [INFO]    💾 Parallel Download: Class_Zero_371.jpg
2026-03-09 19:22:27,496 [INFO]    💾 Parallel Download: Class_Zero_457.jpg
2026-03-09 19:22:27,887 [INFO]    💾 Parallel Download: Class_Zero_448.jpg
2026-03-09 19:22:27,922 [INFO]    💾 Parallel Download: Class_Zero_411.jpg
2026-03-09 19:22:28,207 [INFO]    💾 Parallel Download: Class_Zero_458.jpg
2026-03-09 19:22:28,382 [INFO]    💾 Parallel Download: Class_Zero_453.jpg
2026-03-09 19:22:28,491 [INFO]    💾 Parallel Download: Class_Zero_459.jpg
2026-03-09 19:22:28,561 [INFO]    💾 Parallel Download: Class_Zero_447.jpg
2026-03-09 19:22:28,669 [INFO]    💾 Parallel Download: Class_Zero_418.jpg
2026-03-09 19:22:28,960 [INFO]    💾 Parallel Download: Class_Zero_454.jpg
2026-03-09 19:22:29,004 [INFO]    💾 Parallel Download: Class_Zero_460.jpg
2026-03-09 19:22:29,109 [INFO]    💾 Parallel Download: Class_Zero_451.jpg
2026-03-09 19:22:29,585 [INFO]    💾 Parallel Download: Class_Zero_440.jpg
2026-03-09 19:22:29,746 [INFO]    💾 Parallel Download: Class_Zero_463.jpg
2026-03-09 19:22:30,021 [INFO]    💾 Parallel Download: Class_Zero_466.jpg
2026-03-09 19:22:30,058 [INFO]    💾 Parallel Download: Class_Zero_462.jpg
2026-03-09 19:22:30,064 [INFO]    💾 Parallel Download: Class_Zero_455.jpg
2026-03-09 19:22:30,165 [INFO]    💾 Parallel Download: Class_Zero_442.jpg
2026-03-09 19:22:30,892 [INFO]    💾 Parallel Download: Class_Zero_464.jpg
2026-03-09 19:22:31,319 [INFO]    💾 Parallel Download: Class_Zero_439.jpg
2026-03-09 19:22:31,804 [INFO]    💾 Parallel Download: Class_Zero_461.jpg
2026-03-09 19:22:32,056 [INFO]    💾 Parallel Download: Class_Zero_465.jpg
2026-03-09 19:22:32,190 [INFO]    💾 Parallel Download: Class_Zero_450.jpg
2026-03-09 19:22:34,680 [INFO]    💾 Parallel Download: Class_Zero_452.jpg
2026-03-09 19:22:34,751 [INFO]    💾 Parallel Download: Class_Zero_388.jpg
2026-03-09 19:22:54,797 [INFO]    💾 Parallel Download: Class_Zero_471.jpg
2026-03-09 19:22:55,151 [INFO]    💾 Parallel Download: Class_Zero_485.jpg
2026-03-09 19:22:55,158 [INFO]    💾 Parallel Download: Class_Zero_481.jpg
2026-03-09 19:22:55,178 [INFO]    💾 Parallel Download: Class_Zero_480.jpg
2026-03-09 19:22:55,451 [INFO]    💾 Parallel Download: Class_Zero_469.jpg
2026-03-09 19:22:55,459 [INFO]    💾 Parallel Download: Class_Zero_478.jpg
2026-03-09 19:22:55,789 [INFO]    💾 Parallel Download: Class_Zero_474.jpg
2026-03-09 19:22:55,913 [INFO]    💾 Parallel Download: Class_Zero_477.jpg
2026-03-09 19:22:56,344 [INFO]    💾 Parallel Download: Class_Zero_486.jpg
2026-03-09 19:22:56,418 [INFO]    💾 Parallel Download: Class_Zero_475.jpg
2026-03-09 19:22:56,499 [INFO]    💾 Parallel Download: Class_Zero_484.jpg
2026-03-09 19:22:56,597 [INFO]    💾 Parallel Download: Class_Zero_468.jpg
2026-03-09 19:22:57,238 [INFO]    💾 Parallel Download: Class_Zero_483.jpg
2026-03-09 19:22:57,441 [INFO]    💾 Parallel Download: Class_Zero_488.jpg
2026-03-09 19:22:57,502 [INFO]    💾 Parallel Download: Class_Zero_479.jpg
2026-03-09 19:22:57,957 [INFO]    💾 Parallel Download: Class_Zero_470.jpg
2026-03-09 19:22:58,117 [INFO]    💾 Parallel Download: Class_Zero_491.jpg
2026-03-09 19:22:58,418 [INFO]    💾 Parallel Download: Class_Zero_472.jpg
2026-03-09 19:22:58,574 [INFO]    💾 Parallel Download: Class_Zero_467.jpg
2026-03-09 19:22:59,231 [INFO]    💾 Parallel Download: Class_Zero_495.jpg
2026-03-09 19:23:00,037 [INFO]    💾 Parallel Download: Class_Zero_490.jpg
2026-03-09 19:23:00,645 [INFO]    💾 Parallel Download: Class_Zero_500.jpg
2026-03-09 19:23:03,400 [INFO]    💾 Parallel Download: Class_Zero_498.jpg
2026-03-09 19:23:03,643 [INFO]    💾 Parallel Download: Class_Zero_505.jpg
2026-03-09 19:23:04,900 [INFO]    💾 Parallel Download: Class_Zero_497.jpg
2026-03-09 19:23:05,012 [INFO]    💾 Parallel Download: Class_Zero_503.jpg
2026-03-09 19:23:05,254 [INFO]    💾 Parallel Download: Class_Zero_577.jpg
2026-03-09 19:23:05,405 [INFO]    💾 Parallel Download: Class_Zero_502.jpg
2026-03-09 19:23:06,292 [INFO]    💾 Parallel Download: Class_Zero_494.jpg
2026-03-09 19:23:06,498 [INFO]    💾 Parallel Download: Class_Zero_496.jpg
2026-03-09 19:23:06,544 [INFO]    💾 Parallel Download: Class_Zero_501.jpg
2026-03-09 19:23:07,530 [INFO]    💾 Parallel Download: Class_Zero_492.jpg
2026-03-09 19:23:07,904 [INFO]    💾 Parallel Download: Class_Zero_476.jpg
2026-03-09 19:23:08,165 [INFO]    💾 Parallel Download: Class_Zero_499.jpg
2026-03-09 19:23:08,380 [INFO]    💾 Parallel Download: Class_Zero_506.jpg
2026-03-09 19:23:08,483 [INFO]    💾 Parallel Download: Class_Zero_578.jpg
2026-03-09 19:23:08,924 [INFO]    💾 Parallel Download: Class_Zero_504.jpg
2026-03-09 19:23:08,981 [INFO]    💾 Parallel Download: Class_Zero_575.jpg
2026-03-09 19:23:09,285 [INFO]    💾 Parallel Download: Class_Zero_580.jpg
2026-03-09 19:23:09,574 [INFO]    💾 Parallel Download: Class_Zero_579.jpg
2026-03-09 19:23:10,076 [INFO]    💾 Parallel Download: Class_Zero_586.jpg
2026-03-09 19:23:10,183 [INFO]    💾 Parallel Download: Class_Zero_587.jpg
2026-03-09 19:23:10,673 [INFO]    💾 Parallel Download: Class_Zero_588.jpg
2026-03-09 19:23:10,799 [INFO]    💾 Parallel Download: Class_Zero_493.jpg
2026-03-09 19:23:11,702 [INFO]    💾 Parallel Download: Class_Zero_591.jpg
2026-03-09 19:23:11,768 [INFO]    💾 Parallel Download: Class_Zero_592.jpg
2026-03-09 19:23:11,797 [INFO]    💾 Parallel Download: Class_Zero_584.jpg
2026-03-09 19:23:11,886 [INFO]    💾 Parallel Download: Class_Zero_581.jpg
2026-03-09 19:23:11,897 [INFO]    💾 Parallel Download: Class_Zero_585.jpg
2026-03-09 19:23:12,403 [INFO]    💾 Parallel Download: Class_Zero_595.jpg
2026-03-09 19:23:12,411 [INFO]    💾 Parallel Download: Class_Zero_583.jpg
2026-03-09 19:23:12,437 [INFO]    💾 Parallel Download: Class_Zero_596.jpg
2026-03-09 19:23:12,824 [INFO]    💾 Parallel Download: Class_Zero_593.jpg
2026-03-09 19:23:12,836 [INFO]    💾 Parallel Download: Class_Zero_597.jpg
2026-03-09 19:23:13,361 [INFO]    💾 Parallel Download: Class_Zero_598.jpg
2026-03-09 19:23:13,391 [INFO]    💾 Parallel Download: Class_Zero_589.jpg
2026-03-09 19:23:13,716 [INFO]    💾 Parallel Download: Class_Zero_599.jpg
2026-03-09 19:23:13,747 [INFO]    💾 Parallel Download: Class_Zero_594.jpg
2026-03-09 19:23:13,916 [INFO]    💾 Parallel Download: Class_Zero_582.jpg
2026-03-09 19:23:14,113 [INFO]    💾 Parallel Download: Class_Zero_590.jpg
2026-03-09 19:23:14,498 [INFO]    💾 Parallel Download: Class_Zero_600.jpg
2026-03-09 19:23:14,575 [INFO]    💾 Parallel Download: Class_Zero_487.jpg
2026-03-09 19:23:14,800 [INFO]    💾 Parallel Download: Class_Zero_576.jpg
2026-03-09 19:23:16,712 [INFO]    💾 Parallel Download: Class_Zero_489.jpg
2026-03-09 19:23:19,762 [INFO]    💾 Parallel Download: Class_Zero_473.jpg
2026-03-09 19:23:30,407 [INFO]    💾 Parallel Download: Class_Zero_482.jpg
2026-03-09 19:23:30,453 [INFO] ✨ Speed Scrape Finished!
